2024-06-26 21:06:283 INFO  HomePage :20 - Mouse hover on buy and sell Tab and click [[ChromeDriver: chrome on windows (d3b59619f361ef34b2d84b92f0da865a)] -> xpath: //a[@id='uhf-sell-header-link']]
2024-06-26 21:06:618 INFO  HomePage :24 - Mouse hover on buy and sell Tab and click [[ChromeDriver: chrome on windows (b11981d39b1dcdd2e40b2e29369cd8e8)] -> link text: buy + sell]
2024-06-26 22:06:559 INFO  HomePage :24 - Mouse hover on buy and sell Tab and click [[ChromeDriver: chrome on windows (18c11821232b80b0ecbfc3664df837e0)] -> link text: buy + sell]
2024-06-26 22:06:162 INFO  HomePage :29 - Menu hover on sub menu as New [[ChromeDriver: chrome on windows (18c11821232b80b0ecbfc3664df837e0)] -> xpath: //a[@href='/buy-a-car/new-car-search']]
2024-06-26 22:06:239 INFO  HomePage :24 - Mouse hover on buy and sell Tab and click [[ChromeDriver: chrome on windows (16f5d05547e3cc051161470e7a1127f7)] -> link text: buy + sell]
2024-06-26 22:06:99 INFO  HomePage :29 - Menu hover on sub menu as New [[ChromeDriver: chrome on windows (16f5d05547e3cc051161470e7a1127f7)] -> xpath: //a[@href='/buy-a-car/new-car-search']]
2024-06-26 22:06:383 INFO  HomePage :25 - Mouse hover on buy and sell Tab and click [[ChromeDriver: chrome on windows (9e339dfda7bcd2a288194e74dbcbd497)] -> link text: buy + sell]
2024-06-26 22:06:983 INFO  HomePage :30 - Menu hover on sub menu as New [[ChromeDriver: chrome on windows (9e339dfda7bcd2a288194e74dbcbd497)] -> xpath: //a[@href='/buy-a-car/new-car-search']]
2024-06-26 22:06:850 INFO  HomePage :29 - Mouse hover on buy and sell Tab and click [[ChromeDriver: chrome on windows (312f3adc64a1a929842c09076a59b497)] -> link text: buy + sell]
2024-06-26 22:06:359 INFO  HomePage :34 - Menu hover on sub menu as New [[ChromeDriver: chrome on windows (312f3adc64a1a929842c09076a59b497)] -> xpath: //a[@href='/buy-a-car/new-car-search']]
2024-06-26 22:06:776 INFO  HomePage :29 - Mouse hover on buy and sell Tab and click [[ChromeDriver: chrome on windows (2814f3d814848f4037f08db498871e1f)] -> link text: buy + sell]
2024-06-26 22:06:21 INFO  HomePage :34 - Menu hover on sub menu as New [[ChromeDriver: chrome on windows (2814f3d814848f4037f08db498871e1f)] -> xpath: //a[@href='/buy-a-car/new-car-search']]
2024-06-26 22:06:93 INFO  HomePage :29 - Mouse hover on buy and sell Tab and click [[ChromeDriver: chrome on windows (32a02900e1a551beb4ac51d148f35257)] -> link text: buy + sell]
2024-06-26 22:06:535 INFO  HomePage :34 - Menu hover on sub menu as New [[ChromeDriver: chrome on windows (32a02900e1a551beb4ac51d148f35257)] -> xpath: //a[@href='/buy-a-car/new-car-search']]
2024-06-26 22:06:442 INFO  HomePage :29 - Mouse hover on buy and sell Tab and click [[ChromeDriver: chrome on windows (ba5916758e29c1eb2e87b7dbf8d0bb8e)] -> link text: buy + sell]
2024-06-26 22:06:556 INFO  HomePage :34 - Menu hover on sub menu as New [[ChromeDriver: chrome on windows (ba5916758e29c1eb2e87b7dbf8d0bb8e)] -> xpath: //a[@href='/buy-a-car/new-car-search']]
2024-06-26 22:06:343 INFO  HomePage :29 - Mouse hover on buy and sell Tab and click [[ChromeDriver: chrome on windows (b7f8ba9c382f39f0dd9cf4b3a2ee0a76)] -> link text: buy + sell]
2024-06-26 22:06:437 INFO  HomePage :34 - Menu hover on sub menu as New [[ChromeDriver: chrome on windows (b7f8ba9c382f39f0dd9cf4b3a2ee0a76)] -> xpath: //a[@href='/buy-a-car/new-car-search']]
2024-06-26 22:06:495 INFO  HomePage :29 - Mouse hover on buy and sell Tab and click [[ChromeDriver: chrome on windows (623ee5458d1d3ea01e55511760997537)] -> link text: buy + sell]
2024-06-26 22:06:840 INFO  HomePage :34 - Menu hover on sub menu as New [[ChromeDriver: chrome on windows (623ee5458d1d3ea01e55511760997537)] -> xpath: //a[@href='/buy-a-car/new-car-search']]
2024-06-26 22:06:99 INFO  HomePage :29 - Mouse hover on buy and sell Tab and click [[ChromeDriver: chrome on windows (77fe7ddb42d7b38ff0a1054ee61074a5)] -> link text: buy + sell]
2024-06-26 22:06:438 INFO  HomePage :35 - Menu hover on sub menu as New [[ChromeDriver: chrome on windows (77fe7ddb42d7b38ff0a1054ee61074a5)] -> xpath: //a[@href='/buy-a-car/new-car-search']]
2024-06-26 22:06:396 INFO  HomePage :29 - Mouse hover on buy and sell Tab and click [[ChromeDriver: chrome on windows (9993128b1283f988af53b4082d063351)] -> link text: buy + sell]
2024-06-26 22:06:668 INFO  HomePage :35 - Menu hover on sub menu as New [[ChromeDriver: chrome on windows (9993128b1283f988af53b4082d063351)] -> xpath: //a[@href='/buy-a-car/new-car-search']]
2024-06-26 23:06:552 INFO  HomePage :29 - Mouse hover on buy and sell Tab and click [[ChromeDriver: chrome on windows (e460bc2502cebe690300cbf498550c86)] -> link text: buy + sell]
2024-06-26 23:06:329 INFO  HomePage :35 - Menu hover on sub menu as New [[ChromeDriver: chrome on windows (e460bc2502cebe690300cbf498550c86)] -> xpath: //a[@href='/buy-a-car/new-car-search']]
2024-06-26 23:06:93 INFO  HomePage :20 - select make[[ChromeDriver: chrome on windows (e460bc2502cebe690300cbf498550c86)] -> xpath: //select[@id='make']]
2024-06-26 23:06:397 INFO  HomePage :29 - Mouse hover on buy and sell Tab and click [[ChromeDriver: chrome on windows (66be3799e9ee77ff6c6c623b57c59b79)] -> link text: buy + sell]
2024-06-26 23:06:604 INFO  HomePage :29 - Mouse hover on buy and sell Tab and click [[ChromeDriver: chrome on windows (1d7d26528189fc96792567e6c24a5691)] -> link text: buy + sell]
2024-06-26 23:06:717 INFO  HomePage :36 - Menu hover on sub menu as New [[ChromeDriver: chrome on windows (1d7d26528189fc96792567e6c24a5691)] -> xpath: //a[@href='/buy-a-car/new-car-search']]
2024-06-26 23:06:82 INFO  HomePage :20 - select make[[ChromeDriver: chrome on windows (1d7d26528189fc96792567e6c24a5691)] -> xpath: //select[@id='make']]
2024-06-26 23:06:694 INFO  HomePage :29 - Mouse hover on buy and sell Tab and click [[ChromeDriver: chrome on windows (7e59ffb65771352e1059a222067190bd)] -> link text: buy + sell]
2024-06-26 23:06:634 INFO  HomePage :36 - Menu hover on sub menu as New [[ChromeDriver: chrome on windows (7e59ffb65771352e1059a222067190bd)] -> xpath: //a[@href='/buy-a-car/new-car-search']]
2024-06-26 23:06:925 INFO  HomePage :25 - select make[[ChromeDriver: chrome on windows (7e59ffb65771352e1059a222067190bd)] -> xpath: //select[@id='make']]
2024-06-26 23:06:482 INFO  HomePage :29 - Mouse hover on buy and sell Tab and click [[ChromeDriver: chrome on windows (5892d686343c4f6afafd3c0960fd864c)] -> link text: buy + sell]
2024-06-26 23:06:901 INFO  HomePage :36 - Menu hover on sub menu as New [[ChromeDriver: chrome on windows (5892d686343c4f6afafd3c0960fd864c)] -> xpath: //a[@href='/buy-a-car/new-car-search']]
2024-06-26 23:06:225 INFO  HomePage :25 - select make[[ChromeDriver: chrome on windows (5892d686343c4f6afafd3c0960fd864c)] -> xpath: //select[@id='make']]
2024-06-26 23:06:442 INFO  HomePage :29 - Mouse hover on buy and sell Tab and click [[ChromeDriver: chrome on windows (bf1bd82f6608a241bc837485876c4e72)] -> link text: buy + sell]
2024-06-26 23:06:147 INFO  HomePage :36 - Menu hover on sub menu as New [[ChromeDriver: chrome on windows (bf1bd82f6608a241bc837485876c4e72)] -> xpath: //a[@href='/buy-a-car/new-car-search']]
2024-06-26 23:06:432 INFO  HomePage :26 - select make[[ChromeDriver: chrome on windows (bf1bd82f6608a241bc837485876c4e72)] -> xpath: //select[@id='make']]
2024-06-26 23:06:758 INFO  HomePage :31 - select model[[ChromeDriver: chrome on windows (bf1bd82f6608a241bc837485876c4e72)] -> xpath: //select[@id='model']]
2024-06-26 23:06:148 INFO  HomePage :29 - Mouse hover on buy and sell Tab and click [[ChromeDriver: chrome on windows (9ab39374d5798576a0decc7fd089cc6d)] -> link text: buy + sell]
2024-06-26 23:06:207 INFO  HomePage :36 - Menu hover on sub menu as New [[ChromeDriver: chrome on windows (9ab39374d5798576a0decc7fd089cc6d)] -> xpath: //a[@href='/buy-a-car/new-car-search']]
2024-06-26 23:06:578 INFO  HomePage :33 - selected make option Audifrom [[ChromeDriver: chrome on windows (9ab39374d5798576a0decc7fd089cc6d)] -> xpath: //select[@id='make']]
2024-06-26 23:06:76 INFO  HomePage :38 - select model option A1from [[ChromeDriver: chrome on windows (9ab39374d5798576a0decc7fd089cc6d)] -> xpath: //select[@id='model']]
2024-06-26 23:06:428 INFO  HomePage :29 - Mouse hover on buy and sell Tab and click [[ChromeDriver: chrome on windows (f853ed80d419640c67e72b31e6aef1d9)] -> link text: buy + sell]
2024-06-26 23:06:814 INFO  HomePage :29 - Mouse hover on buy and sell Tab and click [[ChromeDriver: chrome on windows (b2b7f5ec550cda8b259a8b330ea7bb74)] -> link text: buy + sell]
2024-06-26 23:06:84 INFO  HomePage :36 - Menu hover on sub menu as New [[ChromeDriver: chrome on windows (b2b7f5ec550cda8b259a8b330ea7bb74)] -> xpath: //a[@href='/buy-a-car/new-car-search']]
2024-06-26 23:06:636 INFO  HomePage :33 - selected make option Audifrom [[ChromeDriver: chrome on windows (b2b7f5ec550cda8b259a8b330ea7bb74)] -> xpath: //select[@id='make']]
2024-06-26 23:06:867 INFO  HomePage :38 - select model option A1from [[ChromeDriver: chrome on windows (b2b7f5ec550cda8b259a8b330ea7bb74)] -> xpath: //select[@id='model']]
2024-06-26 23:06:57 INFO  HomePage :43 - select state[[ChromeDriver: chrome on windows (b2b7f5ec550cda8b259a8b330ea7bb74)] -> xpath: //select[@id='state']]
2024-06-26 23:06:270 INFO  HomePage :48 - enter price[[ChromeDriver: chrome on windows (b2b7f5ec550cda8b259a8b330ea7bb74)] -> xpath: //select[@id='priceTo']]
2024-06-27 00:06:46 INFO  HomePage :29 - Mouse hover on buy and sell Tab and click [[ChromeDriver: chrome on windows (3cd14aa935cac78f09e7a6fce30195cf)] -> link text: buy + sell]
2024-06-27 00:06:795 INFO  HomePage :36 - Menu hover on sub menu as New [[ChromeDriver: chrome on windows (3cd14aa935cac78f09e7a6fce30195cf)] -> xpath: //a[@href='/buy-a-car/new-car-search']]
2024-06-27 00:06:175 INFO  HomePage :42 - selected make option Audifrom [[ChromeDriver: chrome on windows (3cd14aa935cac78f09e7a6fce30195cf)] -> xpath: //select[@id='make']]
2024-06-27 00:06:543 INFO  HomePage :47 - select model option A1from [[ChromeDriver: chrome on windows (3cd14aa935cac78f09e7a6fce30195cf)] -> xpath: //select[@id='model']]
2024-06-27 00:06:951 INFO  HomePage :52 - select state from Queensland from [[ChromeDriver: chrome on windows (3cd14aa935cac78f09e7a6fce30195cf)] -> xpath: //select[@id='state']]
2024-06-27 00:06:251 INFO  HomePage :57 - enter price $20,000 from [[ChromeDriver: chrome on windows (3cd14aa935cac78f09e7a6fce30195cf)] -> xpath: //select[@id='priceTo']]
2024-06-27 00:06:743 INFO  HomePage :29 - Mouse hover on buy and sell Tab and click [[ChromeDriver: chrome on windows (a65444923dfdf0ada21a1506d1f3d134)] -> link text: buy + sell]
2024-06-27 00:06:713 INFO  HomePage :36 - Menu hover on sub menu as New [[ChromeDriver: chrome on windows (a65444923dfdf0ada21a1506d1f3d134)] -> xpath: //a[@href='/buy-a-car/new-car-search']]
2024-06-27 00:06:247 INFO  HomePage :42 - selected make option Audifrom [[ChromeDriver: chrome on windows (a65444923dfdf0ada21a1506d1f3d134)] -> xpath: //select[@id='make']]
2024-06-27 00:06:501 INFO  HomePage :47 - select model option A1from [[ChromeDriver: chrome on windows (a65444923dfdf0ada21a1506d1f3d134)] -> xpath: //select[@id='model']]
2024-06-27 00:06:725 INFO  HomePage :52 - select state from Queensland from [[ChromeDriver: chrome on windows (a65444923dfdf0ada21a1506d1f3d134)] -> xpath: //select[@id='state']]
2024-06-27 00:06:18 INFO  HomePage :57 - enter price $70,000 from [[ChromeDriver: chrome on windows (a65444923dfdf0ada21a1506d1f3d134)] -> xpath: //select[@id='priceTo']]
2024-06-27 00:06:640 INFO  HomePage :29 - Mouse hover on buy and sell Tab and click [[ChromeDriver: chrome on windows (7e3ebbd3eff7fecb449c54c2d2950f09)] -> link text: buy + sell]
2024-06-27 00:06:92 INFO  HomePage :36 - Menu hover on sub menu as New [[ChromeDriver: chrome on windows (7e3ebbd3eff7fecb449c54c2d2950f09)] -> xpath: //a[@href='/buy-a-car/new-car-search']]
2024-06-27 00:06:740 INFO  HomePage :42 - selected make option Audifrom [[ChromeDriver: chrome on windows (7e3ebbd3eff7fecb449c54c2d2950f09)] -> xpath: //select[@id='make']]
2024-06-27 00:06:49 INFO  HomePage :47 - select model option A1from [[ChromeDriver: chrome on windows (7e3ebbd3eff7fecb449c54c2d2950f09)] -> xpath: //select[@id='model']]
2024-06-27 00:06:277 INFO  HomePage :52 - select state from Queensland from [[ChromeDriver: chrome on windows (7e3ebbd3eff7fecb449c54c2d2950f09)] -> xpath: //select[@id='state']]
2024-06-27 00:06:536 INFO  HomePage :57 - enter price $70,000 from [[ChromeDriver: chrome on windows (7e3ebbd3eff7fecb449c54c2d2950f09)] -> xpath: //select[@id='priceTo']]
2024-06-27 00:06:701 INFO  HomePage :29 - Mouse hover on buy and sell Tab and click [[ChromeDriver: chrome on windows (1cb9283e2c28b0ca3732ce0e65c30020)] -> link text: buy + sell]
2024-06-27 00:06:268 INFO  HomePage :36 - Menu hover on sub menu as New [[ChromeDriver: chrome on windows (1cb9283e2c28b0ca3732ce0e65c30020)] -> xpath: //a[@href='/buy-a-car/new-car-search']]
2024-06-27 00:06:303 INFO  HomePage :42 - selected make option Audifrom [[ChromeDriver: chrome on windows (1cb9283e2c28b0ca3732ce0e65c30020)] -> xpath: //select[@id='make']]
2024-06-27 00:06:707 INFO  HomePage :47 - select model option A1from [[ChromeDriver: chrome on windows (1cb9283e2c28b0ca3732ce0e65c30020)] -> xpath: //select[@id='model']]
2024-06-27 00:06:871 INFO  HomePage :52 - select state from Queensland from [[ChromeDriver: chrome on windows (1cb9283e2c28b0ca3732ce0e65c30020)] -> xpath: //select[@id='state']]
2024-06-27 00:06:172 INFO  HomePage :57 - enter price $70,000 from [[ChromeDriver: chrome on windows (1cb9283e2c28b0ca3732ce0e65c30020)] -> xpath: //select[@id='priceTo']]
2024-06-27 00:06:476 INFO  HomePage :29 - Mouse hover on buy and sell Tab and click [[ChromeDriver: chrome on windows (50efc3884fde853009a9f27db6bd2d78)] -> link text: buy + sell]
2024-06-27 00:06:22 INFO  HomePage :36 - Menu hover on sub menu as New [[ChromeDriver: chrome on windows (50efc3884fde853009a9f27db6bd2d78)] -> xpath: //a[@href='/buy-a-car/new-car-search']]
2024-06-27 00:06:320 INFO  HomePage :42 - selected make option Audifrom [[ChromeDriver: chrome on windows (50efc3884fde853009a9f27db6bd2d78)] -> xpath: //select[@id='make']]
2024-06-27 00:06:610 INFO  HomePage :47 - select model option A1from [[ChromeDriver: chrome on windows (50efc3884fde853009a9f27db6bd2d78)] -> xpath: //select[@id='model']]
2024-06-27 00:06:68 INFO  HomePage :52 - select state from Queensland from [[ChromeDriver: chrome on windows (50efc3884fde853009a9f27db6bd2d78)] -> xpath: //select[@id='state']]
2024-06-27 00:06:364 INFO  HomePage :57 - enter price $70,000 from [[ChromeDriver: chrome on windows (50efc3884fde853009a9f27db6bd2d78)] -> xpath: //select[@id='priceTo']]
2024-06-27 00:06:16 INFO  HomePage :33 - Mouse hover on buy and sell Tab and click [[ChromeDriver: chrome on windows (07188d69d0c8e48a197aca0c45517f8a)] -> link text: buy + sell]
2024-06-27 00:06:804 INFO  HomePage :45 - Menu hover on sub menu as New [[ChromeDriver: chrome on windows (07188d69d0c8e48a197aca0c45517f8a)] -> xpath: //header/div[@id='u_H']/div[1]/div[1]/ul[1]/li[1]/div[1]/div[1]/div[1]/ul[1]/li[2]/a[1]]
2024-06-27 00:06:465 INFO  HomePage :33 - Mouse hover on buy and sell Tab and click [[ChromeDriver: chrome on windows (1fae5577d89c130d65ff797be68a833e)] -> link text: buy + sell]
2024-06-27 00:06:639 INFO  HomePage :45 - Menu hover on sub menu as New [[ChromeDriver: chrome on windows (1fae5577d89c130d65ff797be68a833e)] -> xpath: //header/div[@id='u_H']/div[1]/div[1]/ul[1]/li[1]/div[1]/div[1]/div[1]/ul[1]/li[2]/a[1]]
2024-06-27 00:06:178 INFO  HomePage :33 - Mouse hover on buy and sell Tab and click [[ChromeDriver: chrome on windows (5d6b25d5cb2cc853572bf812a199c340)] -> link text: buy + sell]
2024-06-27 00:06:463 INFO  HomePage :46 - Menu hover on sub menu as New [[ChromeDriver: chrome on windows (5d6b25d5cb2cc853572bf812a199c340)] -> xpath: //header/div[@id='u_H']/div[1]/div[1]/ul[1]/li[1]/div[1]/div[1]/div[1]/ul[1]/li[2]/a[1]]
2024-06-27 00:06:803 INFO  HomePage :35 - Mouse hover on buy and sell Tab and click [[ChromeDriver: chrome on windows (aea957ff51ddcb0ba2fd3eff8b1ea47c)] -> link text: buy + sell]
2024-06-27 00:06:178 INFO  HomePage :47 - Menu hover on sub menu as New [[ChromeDriver: chrome on windows (aea957ff51ddcb0ba2fd3eff8b1ea47c)] -> xpath: //header/div[@id='u_H']/div[1]/div[1]/ul[1]/li[1]/div[1]/div[1]/div[1]/ul[1]/li[2]/a[1]]
2024-06-27 00:06:846 INFO  HomePage :35 - Mouse hover on buy and sell Tab and click [[ChromeDriver: chrome on windows (3735fd2a6e2b56a781b69d44eca84395)] -> link text: buy + sell]
2024-06-27 00:06:664 INFO  HomePage :35 - Mouse hover on buy and sell Tab and click [[ChromeDriver: chrome on windows (5dae7262bf1289d00e8ec4b0c3199796)] -> link text: buy + sell]
2024-06-27 00:06:146 INFO  HomePage :47 - Menu hover on sub menu as New [[ChromeDriver: chrome on windows (5dae7262bf1289d00e8ec4b0c3199796)] -> xpath: //header/div[@id='u_H']/div[1]/div[1]/ul[1]/li[1]/div[1]/div[1]/div[1]/ul[1]/li[2]/a[1]]
2024-06-27 00:06:642 INFO  HomePage :35 - Mouse hover on buy and sell Tab and click [[ChromeDriver: chrome on windows (508f0f15755f8c20acc6a9e217ebcf43)] -> link text: buy + sell]
2024-06-27 00:06:138 INFO  HomePage :48 - Menu hover on sub menu as New [[ChromeDriver: chrome on windows (508f0f15755f8c20acc6a9e217ebcf43)] -> xpath: //a[@href='/buy-a-car/new-car-search']]
2024-06-27 00:06:21 INFO  HomePage :35 - Mouse hover on buy and sell Tab and click [[ChromeDriver: chrome on windows (f8976b4dfd37d8b8e33094623df472b3)] -> link text: buy + sell]
2024-06-27 00:06:330 INFO  HomePage :47 - Menu hover on sub menu as New [[ChromeDriver: chrome on windows (f8976b4dfd37d8b8e33094623df472b3)] -> xpath: //a[@href='/buy-a-car/new-car-search']]
2024-06-27 00:06:915 INFO  HomePage :35 - Mouse hover on buy and sell Tab and click [[ChromeDriver: chrome on windows (bf25c09f850c01d27ee6e6dd8c4b7d01)] -> link text: buy + sell]
2024-06-27 00:06:920 INFO  HomePage :47 - Menu hover on sub menu as New [[ChromeDriver: chrome on windows (bf25c09f850c01d27ee6e6dd8c4b7d01)] -> xpath: //a[@href='/buy-a-car/new-car-search']]
2024-06-27 00:06:447 INFO  HomePage :42 - selected make option Audifrom [[ChromeDriver: chrome on windows (bf25c09f850c01d27ee6e6dd8c4b7d01)] -> xpath: //select[@id='make']]
2024-06-27 00:06:673 INFO  HomePage :47 - select model option A1from [[ChromeDriver: chrome on windows (bf25c09f850c01d27ee6e6dd8c4b7d01)] -> xpath: //select[@id='model']]
2024-06-27 00:06:877 INFO  HomePage :52 - select state from Queensland from [[ChromeDriver: chrome on windows (bf25c09f850c01d27ee6e6dd8c4b7d01)] -> xpath: //select[@id='state']]
2024-06-27 00:06:96 INFO  HomePage :57 - enter price $70,000 from [[ChromeDriver: chrome on windows (bf25c09f850c01d27ee6e6dd8c4b7d01)] -> xpath: //select[@id='priceTo']]
2024-06-27 00:06:917 INFO  HomePage :35 - Mouse hover on buy and sell Tab and click [[ChromeDriver: chrome on windows (78233dba1c6c7af2758d2b771fa435d7)] -> link text: buy + sell]
2024-06-27 00:06:659 INFO  HomePage :47 - Menu hover on sub menu as New [[ChromeDriver: chrome on windows (78233dba1c6c7af2758d2b771fa435d7)] -> xpath: //a[@href='/buy-a-car/new-car-search']]
2024-06-27 00:06:986 INFO  HomePage :42 - selected make option Audifrom [[ChromeDriver: chrome on windows (78233dba1c6c7af2758d2b771fa435d7)] -> xpath: //select[@id='make']]
2024-06-27 00:06:427 INFO  HomePage :47 - select model option A1from [[ChromeDriver: chrome on windows (78233dba1c6c7af2758d2b771fa435d7)] -> xpath: //select[@id='model']]
2024-06-27 00:06:599 INFO  HomePage :52 - select state from Queensland from [[ChromeDriver: chrome on windows (78233dba1c6c7af2758d2b771fa435d7)] -> xpath: //select[@id='state']]
2024-06-27 00:06:769 INFO  HomePage :57 - enter price $70,000 from [[ChromeDriver: chrome on windows (78233dba1c6c7af2758d2b771fa435d7)] -> xpath: //select[@id='priceTo']]
2024-06-27 00:06:982 INFO  HomePage :35 - Mouse hover on buy and sell Tab and click [[ChromeDriver: chrome on windows (9a8f63e1cb417030d9cf731217f0fd24)] -> link text: buy + sell]
2024-06-27 00:06:158 INFO  HomePage :47 - Menu hover on sub menu as New [[ChromeDriver: chrome on windows (9a8f63e1cb417030d9cf731217f0fd24)] -> xpath: //header/div[@id='u_H']/div[1]/div[1]/ul[1]/li[1]/div[1]/div[1]/div[1]/ul[1]/li[2]/a[1]]
2024-06-27 09:06:668 INFO  HomePage :35 - Mouse hover on buy and sell Tab and click [[ChromeDriver: chrome on windows (899318f946882683247e83b4122528c9)] -> link text: buy + sell]
2024-06-27 09:06:963 INFO  HomePage :47 - Menu hover on sub menu as New [[ChromeDriver: chrome on windows (899318f946882683247e83b4122528c9)] -> xpath: //a[@href='/buy-a-car/new-car-search']]
2024-06-27 09:06:398 INFO  HomePage :46 - selected make option Audifrom [[ChromeDriver: chrome on windows (899318f946882683247e83b4122528c9)] -> xpath: //select[@id='make']]
2024-06-27 09:06:560 INFO  HomePage :51 - select model option A1from [[ChromeDriver: chrome on windows (899318f946882683247e83b4122528c9)] -> xpath: //select[@id='model']]
2024-06-27 09:06:742 INFO  HomePage :56 - select state from Queensland from [[ChromeDriver: chrome on windows (899318f946882683247e83b4122528c9)] -> xpath: //select[@id='state']]
2024-06-27 09:06:875 INFO  HomePage :61 - enter price $70,000 from [[ChromeDriver: chrome on windows (899318f946882683247e83b4122528c9)] -> xpath: //select[@id='priceTo']]
2024-06-27 09:06:326 INFO  HomePage :35 - Mouse hover on buy and sell Tab and click [[ChromeDriver: chrome on windows (0a471e84f10f9e2a981ca9ce70153b03)] -> link text: buy + sell]
2024-06-27 09:06:569 INFO  HomePage :47 - Menu hover on sub menu as New [[ChromeDriver: chrome on windows (0a471e84f10f9e2a981ca9ce70153b03)] -> xpath: //header/div[@id='u_H']/div[1]/div[1]/ul[1]/li[1]/div[1]/div[1]/div[1]/ul[1]/li[2]/a[1]]
2024-06-27 19:06:105 INFO  HomePage :35 - Mouse hover on buy and sell Tab and click [[ChromeDriver: chrome on windows (c00575edbc06c8eba56cf2053bfca890)] -> link text: buy + sell]
2024-06-27 19:06:484 INFO  HomePage :47 - Menu hover on sub menu as New [[ChromeDriver: chrome on windows (c00575edbc06c8eba56cf2053bfca890)] -> xpath: //a[@href='/buy-a-car/new-car-search']]
2024-06-27 19:06:724 INFO  HomePage :46 - selected make option Audifrom [[ChromeDriver: chrome on windows (c00575edbc06c8eba56cf2053bfca890)] -> xpath: //select[@id='make']]
2024-06-27 19:06:877 INFO  HomePage :51 - select model option A1from [[ChromeDriver: chrome on windows (c00575edbc06c8eba56cf2053bfca890)] -> xpath: //select[@id='model']]
2024-06-27 19:06:22 INFO  HomePage :56 - select state from Queensland from [[ChromeDriver: chrome on windows (c00575edbc06c8eba56cf2053bfca890)] -> xpath: //select[@id='state']]
2024-06-27 19:06:185 INFO  HomePage :61 - enter price $70,000 from [[ChromeDriver: chrome on windows (c00575edbc06c8eba56cf2053bfca890)] -> xpath: //select[@id='priceTo']]
2024-06-27 19:06:830 INFO  HomePage :35 - Mouse hover on buy and sell Tab and click [[ChromeDriver: chrome on windows (75c13dd0a6a5331237e84fa8916d3705)] -> link text: buy + sell]
2024-06-27 19:06:813 INFO  HomePage :35 - Mouse hover on buy and sell Tab and click [[ChromeDriver: chrome on windows (7301bb20edc7ae1e30d7ab545cc3e2e8)] -> link text: buy + sell]
2024-06-27 19:06:525 INFO  FindDealersPage :23 - Clicking on  : [[ChromeDriver: chrome on windows (93af3081bdf787996a7922bd5c970f62)] -> xpath: //a[normalize-space()='Find a Dealer']]
2024-06-27 19:06:840 INFO  HomePage :35 - Mouse hover on buy and sell Tab and click [[ChromeDriver: chrome on windows (0ec14e0d69dc8429c1a4d3865ce87c18)] -> link text: buy + sell]
2024-06-27 19:06:135 INFO  HomePage :47 - Menu hover on sub menu as New [[ChromeDriver: chrome on windows (0ec14e0d69dc8429c1a4d3865ce87c18)] -> xpath: //header/div[@id='u_H']/div[1]/div[1]/ul[1]/li[1]/div[1]/div[1]/div[1]/ul[1]/li[2]/a[1]]
2024-06-27 22:06:948 INFO  HomePage :35 - Mouse hover on buy and sell Tab and click [[ChromeDriver: chrome on windows (bbb23b2c362c9d38b5714edf6c438caa)] -> link text: buy + sell]
2024-06-27 22:06:814 INFO  HomePage :35 - Mouse hover on buy and sell Tab and click [[ChromeDriver: chrome on windows (29e0b34bc40b5dbd5bc2bf6f012cf9ce)] -> link text: buy + sell]
2024-06-27 22:06:173 INFO  HomePage :47 - Menu hover on sub menu as New [[ChromeDriver: chrome on windows (29e0b34bc40b5dbd5bc2bf6f012cf9ce)] -> xpath: //header/div[@id='u_H']/div[1]/div[1]/ul[1]/li[1]/div[1]/div[1]/div[1]/ul[1]/li[2]/a[1]]
2024-06-27 22:06:701 INFO  HomePage :35 - Mouse hover on buy and sell Tab and click [[ChromeDriver: chrome on windows (14e1944b68eaeb240ba608e329ed4081)] -> link text: buy + sell]
2024-06-27 22:06:283 INFO  HomePage :47 - Menu hover on sub menu as New [[ChromeDriver: chrome on windows (14e1944b68eaeb240ba608e329ed4081)] -> xpath: //header/div[@id='u_H']/div[1]/div[1]/ul[1]/li[1]/div[1]/div[1]/div[1]/ul[1]/li[2]/a[1]]
2024-06-27 22:06:93 INFO  HomePage :41 - Mouse hover on buy and sell Tab and click [[ChromeDriver: chrome on windows (44f85ca2499432396882100abcb30893)] -> link text: buy + sell]
2024-06-27 22:06:723 INFO  HomePage :56 - Menu hover on sub menu as New [[ChromeDriver: chrome on windows (44f85ca2499432396882100abcb30893)] -> xpath: //a[@href='/car-dealers']]
2024-06-27 22:06:336 INFO  HomePage :41 - Mouse hover on buy and sell Tab and click [[ChromeDriver: chrome on windows (10381697d5382055f49f2ec58afa2cdb)] -> link text: buy + sell]
2024-06-27 22:06:924 INFO  HomePage :41 - Mouse hover on buy and sell Tab and click [[ChromeDriver: chrome on windows (62039283e4913e057e5de15aebc1326a)] -> link text: buy + sell]
2024-06-27 23:06:976 INFO  HomePage :41 - Mouse hover on buy and sell Tab and click [[ChromeDriver: chrome on windows (ac0ccbb4560f2b106c920c4ac3b507da)] -> link text: buy + sell]
2024-06-27 23:06:154 INFO  HomePage :41 - Mouse hover on buy and sell Tab and click [[ChromeDriver: chrome on windows (a17982e68bcef6418c1972c8d1a68517)] -> link text: buy + sell]
2024-06-27 23:06:810 INFO  HomePage :41 - Mouse hover on buy and sell Tab and click [[ChromeDriver: chrome on windows (df49bd949ac015e60a6bc84d02f54e4f)] -> link text: buy + sell]
2024-06-27 23:06:682 INFO  HomePage :41 - Mouse hover on buy and sell Tab and click [[ChromeDriver: chrome on windows (cdaa8483d35bf86c65a12e0bac854b63)] -> link text: buy + sell]
2024-06-27 23:06:849 INFO  HomePage :41 - Mouse hover on buy and sell Tab and click [[ChromeDriver: chrome on windows (d1fa48cf3c56412bfdfcde9beea34cc3)] -> link text: buy + sell]
2024-06-27 23:06:651 INFO  HomePage :41 - Mouse hover on buy and sell Tab and click [[ChromeDriver: chrome on windows (be469c519465de4ae4ba9a3c237b968c)] -> link text: buy + sell]
2024-06-27 23:06:90 INFO  HomePage :41 - Mouse hover on buy and sell Tab and click [[ChromeDriver: chrome on windows (da3f687f52c6aa96b51abd0806fa2d62)] -> link text: buy + sell]
2024-06-27 23:06:669 INFO  HomePage :41 - Mouse hover on buy and sell Tab and click [[ChromeDriver: chrome on windows (ba2d0066492ac9a5e79a210eb1ea9393)] -> link text: buy + sell]
2024-06-27 23:06:403 INFO  HomePage :41 - Mouse hover on buy and sell Tab and click [[ChromeDriver: chrome on windows (605e19939ca7ad6836d8ceb145789d6c)] -> link text: buy + sell]
2024-06-27 23:06:669 INFO  HomePage :41 - Mouse hover on buy and sell Tab and click [[ChromeDriver: chrome on windows (032d70907f939fa2a25b715770d20f46)] -> link text: buy + sell]
2024-06-28 18:06:882 INFO  HomePage :40 - Mouse hover on buy and sell Tab and click [[ChromeDriver: chrome on windows (08234a0315cf0e9e6c296b8af7a8364f)] -> link text: buy + sell]
2024-06-28 18:06:173 INFO  HomePage :40 - Mouse hover on buy and sell Tab and click [[ChromeDriver: chrome on windows (4540245f65f8f0c3f214556d75994529)] -> link text: buy + sell]
2024-06-28 18:06:290 INFO  HomePage :40 - Mouse hover on buy and sell Tab and click [[ChromeDriver: chrome on windows (fde8133671aa95e321431f7592323552)] -> link text: buy + sell]
2024-06-28 18:06:996 INFO  HomePage :40 - Mouse hover on buy and sell Tab and click [[ChromeDriver: chrome on windows (45d246bac5a782f54ff3eb19be06fb36)] -> link text: buy + sell]
